<?xml version="1.0" encoding="UTF-8"?>
<testsuite xmlns:xsi="http://www.w3.org/2001/XMLSchema-instance" xsi:noNamespaceSchemaLocation="https://maven.apache.org/surefire/maven-surefire-plugin/xsd/surefire-test-report.xsd" version="3.0.2" name="api.LoginCourierTest" time="5.843" tests="5" errors="0" skipped="0" failures="1">
  <properties>
[...]
</properties>
  <testcase name="courierNotLoginUsingCapitalizedPassword" classname="api.LoginCourierTest" time="1.12"/>
  <testcase name="courierNotLoginUsingIncorrectLogin" classname="api.LoginCourierTest" time="1.133"/>
  <testcase name="courierNotLoginUsingIncorrectPassword" classname="api.LoginCourierTest" time="1.166"/>
  <testcase name="courierLoginUsingValidData" classname="api.LoginCourierTest" time="1.279"/>
  <testcase name="fieldPasswordIsRequiredForLoginCourier" classname="api.LoginCourierTest" time="1.11">
    <failure message="1 expectation failed.&#10;Expected status code &lt;400&gt; but was &lt;404&gt;.&#10;" type="java.lang.AssertionError"><![CDATA[java.lang.AssertionError: 
1 expectation failed.
Expected status code <400> but was <404>.

	at org.codehaus.groovy.vmplugin.v8.IndyInterface.fromCache(IndyInterface.java:344)
	at io.restassured.internal.ResponseSpecificationImpl$HamcrestAssertionClosure.validate(ResponseSpecificationImpl.groovy:516)
	at org.codehaus.groovy.vmplugin.v8.IndyInterface.fromCache(IndyInterface.java:344)
	at io.restassured.internal.ResponseSpecificationImpl.validateResponseIfRequired(ResponseSpecificationImpl.groovy:714)
	at org.codehaus.groovy.vmplugin.v8.IndyInterface.fromCache(IndyInterface.java:344)
	at io.restassured.internal.ResponseSpecificationImpl.statusCode(ResponseSpecificationImpl.groovy:139)
	at org.codehaus.groovy.vmplugin.v8.IndyInterface.fromCache(IndyInterface.java:344)
	at io.restassured.internal.ResponseSpecificationImpl.statusCode(ResponseSpecificationImpl.groovy:147)
	at io.restassured.internal.ValidatableResponseOptionsImpl.statusCode(ValidatableResponseOptionsImpl.java:89)
	at steps.CourierSteps.checkInsufficientLoginData(CourierSteps.java:89)
	at api.LoginCourierTest.fieldPasswordIsRequiredForLoginCourier(LoginCourierTest.java:88)
	at java.base/java.lang.reflect.Method.invoke(Method.java:580)
	at java.base/java.util.ArrayList.forEach(ArrayList.java:1597)
	at java.base/java.util.ArrayList.forEach(ArrayList.java:1597)
]]></failure>
    <system-out><![CDATA[HTTP/1.1 404 Not Found
Access-Control-Allow-Origin: *
Content-Length: 72
X-Powered-By: Express
Content-Type: application/json; charset=utf-8
X-Request-Id: 1771451223747338-10105215796460027214
Set-Cookie: _yasc=35ikENTh+Qc9JjLFNIBKdVOR7Ad650q+N4641EnWP7ARCy2j3ZEHZxHosimf/jc=; domain=.praktikum-services.ru; path=/; expires=Sat, 16 Feb 2036 21:47:03 GMT; secure
Date: Wed, 18 Feb 2026 21:47:03 GMT
ETag: W/"48-SNOWaDub1LGYtleYI6ITphu8xIQ"

{
    "code": 404,
    "message": "Учетная запись не найдена"
}
]]></system-out>
  </testcase>
</testsuite>