<?xml version="1.0" encoding="UTF-8"?>
<testsuite xmlns:xsi="http://www.w3.org/2001/XMLSchema-instance" xsi:noNamespaceSchemaLocation="https://maven.apache.org/surefire/maven-surefire-plugin/xsd/surefire-test-report.xsd" version="3.0.2" name="api.CreateOrderTest" time="2.228" tests="7" errors="0" skipped="0" failures="0">
  <properties>
[...]
</properties>
  <testcase name="fieldIsRequiredForCreateCourier(String, String, String, String, String, Integer, String, String, List)[1]" classname="api.CreateOrderTest" time="0.309"/>
  <testcase name="fieldIsRequiredForCreateCourier(String, String, String, String, String, Integer, String, String, List)[2]" classname="api.CreateOrderTest" time="0.285"/>
  <testcase name="fieldIsRequiredForCreateCourier(String, String, String, String, String, Integer, String, String, List)[3]" classname="api.CreateOrderTest" time="0.309"/>
  <testcase name="fieldIsRequiredForCreateCourier(String, String, String, String, String, Integer, String, String, List)[4]" classname="api.CreateOrderTest" time="0.372"/>
  <testcase name="fieldIsRequiredForCreateCourier(String, String, String, String, String, Integer, String, String, List)[5]" classname="api.CreateOrderTest" time="0.294"/>
  <testcase name="fieldIsRequiredForCreateCourier(String, String, String, String, String, Integer, String, String, List)[6]" classname="api.CreateOrderTest" time="0.334"/>
  <testcase name="fieldIsRequiredForCreateCourier(String, String, String, String, String, Integer, String, String, List)[7]" classname="api.CreateOrderTest" time="0.286"/>
</testsuite>